[04-Dec-2024 16:26:07 UTC] Intentando conectar a la base de datos con DSN: mysql:host=localhost;dbname=cms_db;charset=utf8mb4
[04-Dec-2024 16:26:07 UTC] Conexión exitosa a la base de datos
[04-Dec-2024 16:26:07 UTC] Recibido POST request para login
[04-Dec-2024 16:26:07 UTC] POST data: Array
(
    [username] => admin
    [password] => admin123
)

[04-Dec-2024 16:26:07 UTC] Intentando autenticar usuario: admin
[04-Dec-2024 16:26:07 UTC] Intento de autenticación para usuario: admin
[04-Dec-2024 16:26:07 UTC] Ejecutando query: SELECT * FROM users WHERE username = :username OR email = :email
[04-Dec-2024 16:26:07 UTC] Usuario encontrado: Array
(
    [id] => 1
    [username] => admin
    [email] => admin@example.com
    [password] => $2y$10$92IXUNpkjO0rOQ5byMi.Ye4oKoEa3Ro9llC/.og/at2.uheWG/igi
    [role] => admin
    [created_at] => 2024-12-04 17:24:21
    [updated_at] => 2024-12-04 17:24:21
)

[04-Dec-2024 16:26:07 UTC] Verificando contraseña para usuario: admin
[04-Dec-2024 16:26:07 UTC] Hash almacenado: $2y$10$92IXUNpkjO0rOQ5byMi.Ye4oKoEa3Ro9llC/.og/at2.uheWG/igi
[04-Dec-2024 16:26:07 UTC] Contraseña incorrecta para usuario: admin
[04-Dec-2024 16:26:07 UTC] Autenticación fallida para usuario: admin
[04-Dec-2024 16:26:09 UTC] Intentando conectar a la base de datos con DSN: mysql:host=localhost;dbname=cms_db;charset=utf8mb4
[04-Dec-2024 16:26:09 UTC] Conexión exitosa a la base de datos
[04-Dec-2024 16:26:16 UTC] Intentando conectar a la base de datos con DSN: mysql:host=localhost;dbname=cms_db;charset=utf8mb4
[04-Dec-2024 16:26:16 UTC] Conexión exitosa a la base de datos
[04-Dec-2024 16:26:16 UTC] Recibido POST request para login
[04-Dec-2024 16:26:16 UTC] POST data: Array
(
    [username] => admin
    [password] => admin123
)

[04-Dec-2024 16:26:16 UTC] Intentando autenticar usuario: admin
[04-Dec-2024 16:26:16 UTC] Intento de autenticación para usuario: admin
[04-Dec-2024 16:26:16 UTC] Ejecutando query: SELECT * FROM users WHERE username = :username OR email = :email
[04-Dec-2024 16:26:16 UTC] Usuario encontrado: Array
(
    [id] => 1
    [username] => admin
    [email] => admin@example.com
    [password] => $2y$10$92IXUNpkjO0rOQ5byMi.Ye4oKoEa3Ro9llC/.og/at2.uheWG/igi
    [role] => admin
    [created_at] => 2024-12-04 17:24:21
    [updated_at] => 2024-12-04 17:24:21
)

[04-Dec-2024 16:26:16 UTC] Verificando contraseña para usuario: admin
[04-Dec-2024 16:26:16 UTC] Hash almacenado: $2y$10$92IXUNpkjO0rOQ5byMi.Ye4oKoEa3Ro9llC/.og/at2.uheWG/igi
[04-Dec-2024 16:26:16 UTC] Contraseña incorrecta para usuario: admin
[04-Dec-2024 16:26:16 UTC] Autenticación fallida para usuario: admin
[04-Dec-2024 16:26:24 UTC] Intentando conectar a la base de datos con DSN: mysql:host=localhost;dbname=cms_db;charset=utf8mb4
[04-Dec-2024 16:26:24 UTC] Conexión exitosa a la base de datos
[04-Dec-2024 16:26:24 UTC] Recibido POST request para login
[04-Dec-2024 16:26:24 UTC] POST data: Array
(
    [username] => admin
    [password] => admin1234
)

[04-Dec-2024 16:26:24 UTC] Intentando autenticar usuario: admin
[04-Dec-2024 16:26:24 UTC] Intento de autenticación para usuario: admin
[04-Dec-2024 16:26:24 UTC] Ejecutando query: SELECT * FROM users WHERE username = :username OR email = :email
[04-Dec-2024 16:26:24 UTC] Usuario encontrado: Array
(
    [id] => 1
    [username] => admin
    [email] => admin@example.com
    [password] => $2y$10$92IXUNpkjO0rOQ5byMi.Ye4oKoEa3Ro9llC/.og/at2.uheWG/igi
    [role] => admin
    [created_at] => 2024-12-04 17:24:21
    [updated_at] => 2024-12-04 17:24:21
)

[04-Dec-2024 16:26:24 UTC] Verificando contraseña para usuario: admin
[04-Dec-2024 16:26:24 UTC] Hash almacenado: $2y$10$92IXUNpkjO0rOQ5byMi.Ye4oKoEa3Ro9llC/.og/at2.uheWG/igi
[04-Dec-2024 16:26:24 UTC] Contraseña incorrecta para usuario: admin
[04-Dec-2024 16:26:24 UTC] Autenticación fallida para usuario: admin
[04-Dec-2024 16:27:20 UTC] Intentando conectar a la base de datos con DSN: mysql:host=localhost;dbname=cms_db;charset=utf8mb4
[04-Dec-2024 16:27:20 UTC] Conexión exitosa a la base de datos
[04-Dec-2024 16:27:20 UTC] Recibido POST request para login
[04-Dec-2024 16:27:20 UTC] POST data: Array
(
    [username] => admin
    [password] => admin123
)

[04-Dec-2024 16:27:20 UTC] Intentando autenticar usuario: admin
[04-Dec-2024 16:27:20 UTC] Intento de autenticación para usuario: admin
[04-Dec-2024 16:27:20 UTC] Ejecutando query: SELECT * FROM users WHERE username = :username OR email = :email
[04-Dec-2024 16:27:20 UTC] Usuario encontrado: Array
(
    [id] => 1
    [username] => admin
    [email] => admin@example.com
    [password] => $2y$10$92IXUNpkjO0rOQ5byMi.Ye4oKoEa3Ro9llC/.og/at2.uheWG/igi
    [role] => admin
    [created_at] => 2024-12-04 17:24:21
    [updated_at] => 2024-12-04 17:24:21
)

[04-Dec-2024 16:27:20 UTC] Verificando contraseña para usuario: admin
[04-Dec-2024 16:27:20 UTC] Hash almacenado: $2y$10$92IXUNpkjO0rOQ5byMi.Ye4oKoEa3Ro9llC/.og/at2.uheWG/igi
[04-Dec-2024 16:27:20 UTC] Contraseña incorrecta para usuario: admin
[04-Dec-2024 16:27:20 UTC] Autenticación fallida para usuario: admin
[04-Dec-2024 16:27:29 UTC] Intentando conectar a la base de datos con DSN: mysql:host=localhost;dbname=cms_db;charset=utf8mb4
[04-Dec-2024 16:27:29 UTC] Conexión exitosa a la base de datos
[04-Dec-2024 16:27:35 UTC] Intentando conectar a la base de datos con DSN: mysql:host=localhost;dbname=cms_db;charset=utf8mb4
[04-Dec-2024 16:27:35 UTC] Conexión exitosa a la base de datos
[04-Dec-2024 16:27:35 UTC] Recibido POST request para login
[04-Dec-2024 16:27:35 UTC] POST data: Array
(
    [username] => admin
    [password] => admin123
)

[04-Dec-2024 16:27:35 UTC] Intentando autenticar usuario: admin
[04-Dec-2024 16:27:35 UTC] Intento de autenticación para usuario: admin
[04-Dec-2024 16:27:35 UTC] Ejecutando query: SELECT * FROM users WHERE username = :username OR email = :email
[04-Dec-2024 16:27:35 UTC] Usuario encontrado: Array
(
    [id] => 1
    [username] => admin
    [email] => admin@example.com
    [password] => $2y$10$92IXUNpkjO0rOQ5byMi.Ye4oKoEa3Ro9llC/.og/at2.uheWG/igi
    [role] => admin
    [created_at] => 2024-12-04 17:24:21
    [updated_at] => 2024-12-04 17:24:21
)

[04-Dec-2024 16:27:35 UTC] Verificando contraseña para usuario: admin
[04-Dec-2024 16:27:35 UTC] Hash almacenado: $2y$10$92IXUNpkjO0rOQ5byMi.Ye4oKoEa3Ro9llC/.og/at2.uheWG/igi
[04-Dec-2024 16:27:35 UTC] Contraseña incorrecta para usuario: admin
[04-Dec-2024 16:27:35 UTC] Autenticación fallida para usuario: admin
[04-Dec-2024 16:27:54 UTC] Intentando conectar a la base de datos con DSN: mysql:host=localhost;dbname=cms_db;charset=utf8mb4
[04-Dec-2024 16:27:54 UTC] Conexión exitosa a la base de datos
[04-Dec-2024 16:28:50 UTC] Intentando conectar a la base de datos con DSN: mysql:host=localhost;dbname=cms_db;charset=utf8mb4
[04-Dec-2024 16:28:50 UTC] Conexión exitosa a la base de datos
[04-Dec-2024 16:28:50 UTC] Recibido POST request para login
[04-Dec-2024 16:28:50 UTC] POST data: Array
(
    [username] => admin
    [password] => 1
)

[04-Dec-2024 16:28:50 UTC] Intentando autenticar usuario: admin
[04-Dec-2024 16:28:50 UTC] Intento de autenticación para usuario: admin
[04-Dec-2024 16:28:50 UTC] Ejecutando query: SELECT * FROM users WHERE username = :username OR email = :email
[04-Dec-2024 16:28:50 UTC] Usuario encontrado: Array
(
    [id] => 1
    [username] => admin
    [email] => admin@example.com
    [password] => $2y$10$6r.uGWF0QMCpN8y0.S6ZxeSGtGzm3EyGzHKVX8JtAqn1cHYyXnrJi
    [role] => admin
    [created_at] => 2024-12-04 17:24:21
    [updated_at] => 2024-12-04 17:28:39
)

[04-Dec-2024 16:28:50 UTC] Verificando contraseña para usuario: admin
[04-Dec-2024 16:28:50 UTC] Hash almacenado: $2y$10$6r.uGWF0QMCpN8y0.S6ZxeSGtGzm3EyGzHKVX8JtAqn1cHYyXnrJi
[04-Dec-2024 16:28:50 UTC] Contraseña incorrecta para usuario: admin
[04-Dec-2024 16:28:50 UTC] Autenticación fallida para usuario: admin
[04-Dec-2024 16:29:19 UTC] Intentando conectar a la base de datos con DSN: mysql:host=localhost;dbname=cms_db;charset=utf8mb4
[04-Dec-2024 16:29:19 UTC] Conexión exitosa a la base de datos
[04-Dec-2024 16:29:19 UTC] Recibido POST request para login
[04-Dec-2024 16:29:19 UTC] POST data: Array
(
    [username] => admin
    [password] => 1
)

[04-Dec-2024 16:29:19 UTC] Intentando autenticar usuario: admin
[04-Dec-2024 16:29:19 UTC] Intento de autenticación para usuario: admin
[04-Dec-2024 16:29:19 UTC] Ejecutando query: SELECT * FROM users WHERE username = :username OR email = :email
[04-Dec-2024 16:29:19 UTC] Usuario encontrado: Array
(
    [id] => 2
    [username] => admin
    [email] => admin@example.com
    [password] => $2y$10$6r.uGWF0QMCpN8y0.S6ZxeSGtGzm3EyGzHKVX8JtAqn1cHYyXnrJi
    [role] => admin
    [created_at] => 2024-12-04 17:29:06
    [updated_at] => 2024-12-04 17:29:06
)

[04-Dec-2024 16:29:19 UTC] Verificando contraseña para usuario: admin
[04-Dec-2024 16:29:19 UTC] Hash almacenado: $2y$10$6r.uGWF0QMCpN8y0.S6ZxeSGtGzm3EyGzHKVX8JtAqn1cHYyXnrJi
[04-Dec-2024 16:29:19 UTC] Contraseña incorrecta para usuario: admin
[04-Dec-2024 16:29:19 UTC] Autenticación fallida para usuario: admin
[04-Dec-2024 16:32:12 UTC] Recibido POST request para login
[04-Dec-2024 16:32:12 UTC] POST data: Array
(
    [username] => admin
    [password] => 1
)

[04-Dec-2024 16:32:12 UTC] Intentando autenticar usuario: admin
[04-Dec-2024 16:32:12 UTC] Autenticación fallida para usuario: admin
[04-Dec-2024 16:32:15 UTC] Recibido POST request para login
[04-Dec-2024 16:32:15 UTC] POST data: Array
(
    [username] => admin
    [password] => 1
)

[04-Dec-2024 16:32:15 UTC] Intentando autenticar usuario: admin
[04-Dec-2024 16:32:15 UTC] Autenticación fallida para usuario: admin
[04-Dec-2024 16:32:32 UTC] Recibido POST request para login
[04-Dec-2024 16:32:32 UTC] POST data: Array
(
    [username] => admin
    [password] => 1
)

[04-Dec-2024 16:32:32 UTC] Intentando autenticar usuario: admin
[04-Dec-2024 16:32:32 UTC] Autenticación fallida para usuario: admin
[04-Dec-2024 16:33:01 UTC] Recibido POST request para login
[04-Dec-2024 16:33:01 UTC] POST data: Array
(
    [username] => admin
    [password] => 1º
)

[04-Dec-2024 16:33:01 UTC] Intentando autenticar usuario: admin
[04-Dec-2024 16:33:01 UTC] Autenticación fallida para usuario: admin
[04-Dec-2024 16:33:04 UTC] Recibido POST request para login
[04-Dec-2024 16:33:04 UTC] POST data: Array
(
    [username] => admin
    [password] => 1
)

[04-Dec-2024 16:33:04 UTC] Intentando autenticar usuario: admin
[04-Dec-2024 16:33:04 UTC] Autenticación fallida para usuario: admin
[04-Dec-2024 16:34:25 UTC] Recibido POST request para login
[04-Dec-2024 16:34:25 UTC] POST data: Array
(
    [username] => admin
    [password] => 1
)

[04-Dec-2024 16:34:25 UTC] Intentando autenticar usuario: admin
[04-Dec-2024 16:34:25 UTC] Autenticación fallida para usuario: admin
[04-Dec-2024 16:36:42 UTC] Recibido POST request para login
[04-Dec-2024 16:36:42 UTC] POST data: Array
(
    [username] => admin
    [password] => 1
)

[04-Dec-2024 16:36:42 UTC] Intentando autenticar usuario: admin
[04-Dec-2024 16:36:42 UTC] Autenticación exitosa para usuario: admin
[04-Dec-2024 16:39:14 UTC] PHP Fatal error:  Uncaught Error: Class "BaseController" not found in C:\laragon\www\controllers\AuthController.php:2
Stack trace:
#0 C:\laragon\www\index.php(44): require()
#1 {main}
  thrown in C:\laragon\www\controllers\AuthController.php on line 2
[04-Dec-2024 16:39:24 UTC] PHP Fatal error:  Uncaught Error: Class "BaseController" not found in C:\laragon\www\controllers\AuthController.php:2
Stack trace:
#0 C:\laragon\www\index.php(44): require()
#1 {main}
  thrown in C:\laragon\www\controllers\AuthController.php on line 2
[04-Dec-2024 16:41:47 UTC] PHP Fatal error:  Uncaught Error: Class "Database" not found in C:\laragon\www\models\Menu.php:6
Stack trace:
#0 C:\laragon\www\views\layout\header.php(2): Menu->__construct()
#1 C:\laragon\www\controllers\HomeController.php(5): require('C:\\laragon\\www\\...')
#2 C:\laragon\www\index.php(47): HomeController->index()
#3 {main}
  thrown in C:\laragon\www\models\Menu.php on line 6
[04-Dec-2024 16:41:54 UTC] PHP Fatal error:  Uncaught Error: Class "Database" not found in C:\laragon\www\models\Menu.php:6
Stack trace:
#0 C:\laragon\www\views\layout\header.php(2): Menu->__construct()
#1 C:\laragon\www\controllers\HomeController.php(5): require('C:\\laragon\\www\\...')
#2 C:\laragon\www\index.php(47): HomeController->index()
#3 {main}
  thrown in C:\laragon\www\models\Menu.php on line 6
[04-Dec-2024 16:43:36 UTC] PHP Fatal error:  Uncaught Error: Class "BaseController" not found in C:\laragon\www\controllers\AuthController.php:2
Stack trace:
#0 C:\laragon\www\index.php(44): require()
#1 {main}
  thrown in C:\laragon\www\controllers\AuthController.php on line 2
[04-Dec-2024 16:44:21 UTC] PHP Fatal error:  Uncaught Error: Class "BaseController" not found in C:\laragon\www\controllers\AdminController.php:2
Stack trace:
#0 C:\laragon\www\index.php(44): require()
#1 {main}
  thrown in C:\laragon\www\controllers\AdminController.php on line 2
[04-Dec-2024 16:44:21 UTC] PHP Fatal error:  Uncaught Error: Class "BaseController" not found in C:\laragon\www\controllers\AdminController.php:2
Stack trace:
#0 C:\laragon\www\index.php(44): require()
#1 {main}
  thrown in C:\laragon\www\controllers\AdminController.php on line 2
[04-Dec-2024 16:44:21 UTC] PHP Fatal error:  Uncaught Error: Class "BaseController" not found in C:\laragon\www\controllers\AdminController.php:2
Stack trace:
#0 C:\laragon\www\index.php(44): require()
#1 {main}
  thrown in C:\laragon\www\controllers\AdminController.php on line 2
[04-Dec-2024 16:44:22 UTC] PHP Fatal error:  Uncaught Error: Class "BaseController" not found in C:\laragon\www\controllers\AdminController.php:2
Stack trace:
#0 C:\laragon\www\index.php(44): require()
#1 {main}
  thrown in C:\laragon\www\controllers\AdminController.php on line 2
[04-Dec-2024 16:44:22 UTC] PHP Fatal error:  Uncaught Error: Class "BaseController" not found in C:\laragon\www\controllers\AdminController.php:2
Stack trace:
#0 C:\laragon\www\index.php(44): require()
#1 {main}
  thrown in C:\laragon\www\controllers\AdminController.php on line 2
[04-Dec-2024 16:44:22 UTC] PHP Fatal error:  Uncaught Error: Class "BaseController" not found in C:\laragon\www\controllers\AdminController.php:2
Stack trace:
#0 C:\laragon\www\index.php(44): require()
#1 {main}
  thrown in C:\laragon\www\controllers\AdminController.php on line 2
[04-Dec-2024 16:44:33 UTC] PHP Fatal error:  Uncaught Error: Class "BaseController" not found in C:\laragon\www\controllers\AdminController.php:2
Stack trace:
#0 C:\laragon\www\index.php(44): require()
#1 {main}
  thrown in C:\laragon\www\controllers\AdminController.php on line 2
[04-Dec-2024 16:44:51 UTC] PHP Fatal error:  Uncaught Error: Class "BaseController" not found in C:\laragon\www\controllers\AdminController.php:2
Stack trace:
#0 C:\laragon\www\index.php(44): require()
#1 {main}
  thrown in C:\laragon\www\controllers\AdminController.php on line 2
[04-Dec-2024 16:44:52 UTC] PHP Fatal error:  Uncaught Error: Class "BaseController" not found in C:\laragon\www\controllers\AdminController.php:2
Stack trace:
#0 C:\laragon\www\index.php(44): require()
#1 {main}
  thrown in C:\laragon\www\controllers\AdminController.php on line 2
[04-Dec-2024 16:44:52 UTC] PHP Fatal error:  Uncaught Error: Class "BaseController" not found in C:\laragon\www\controllers\AdminController.php:2
Stack trace:
#0 C:\laragon\www\index.php(44): require()
#1 {main}
  thrown in C:\laragon\www\controllers\AdminController.php on line 2
[04-Dec-2024 16:44:56 UTC] PHP Fatal error:  Uncaught Error: Class "BaseController" not found in C:\laragon\www\controllers\AdminController.php:2
Stack trace:
#0 C:\laragon\www\index.php(44): require()
#1 {main}
  thrown in C:\laragon\www\controllers\AdminController.php on line 2
[04-Dec-2024 16:45:53 UTC] PHP Fatal error:  Uncaught Error: Class "Menu" not found in C:\laragon\www\views\layout\header.php:2
Stack trace:
#0 C:\laragon\www\controllers\HomeController.php(5): require()
#1 C:\laragon\www\index.php(34): HomeController->index()
#2 {main}
  thrown in C:\laragon\www\views\layout\header.php on line 2
[04-Dec-2024 16:45:55 UTC] PHP Fatal error:  Uncaught Error: Class "Menu" not found in C:\laragon\www\views\layout\header.php:2
Stack trace:
#0 C:\laragon\www\controllers\HomeController.php(5): require()
#1 C:\laragon\www\index.php(34): HomeController->index()
#2 {main}
  thrown in C:\laragon\www\views\layout\header.php on line 2
[04-Dec-2024 16:45:56 UTC] PHP Fatal error:  Uncaught Error: Class "Menu" not found in C:\laragon\www\views\layout\header.php:2
Stack trace:
#0 C:\laragon\www\controllers\HomeController.php(5): require()
#1 C:\laragon\www\index.php(34): HomeController->index()
#2 {main}
  thrown in C:\laragon\www\views\layout\header.php on line 2
[04-Dec-2024 16:45:56 UTC] PHP Fatal error:  Uncaught Error: Class "Menu" not found in C:\laragon\www\views\layout\header.php:2
Stack trace:
#0 C:\laragon\www\controllers\HomeController.php(5): require()
#1 C:\laragon\www\index.php(34): HomeController->index()
#2 {main}
  thrown in C:\laragon\www\views\layout\header.php on line 2
[04-Dec-2024 16:46:07 UTC] PHP Fatal error:  Uncaught Error: Class "Menu" not found in C:\laragon\www\views\layout\header.php:2
Stack trace:
#0 C:\laragon\www\controllers\HomeController.php(5): require()
#1 C:\laragon\www\index.php(34): HomeController->index()
#2 {main}
  thrown in C:\laragon\www\views\layout\header.php on line 2
[04-Dec-2024 16:46:07 UTC] PHP Fatal error:  Uncaught Error: Class "Menu" not found in C:\laragon\www\views\layout\header.php:2
Stack trace:
#0 C:\laragon\www\controllers\HomeController.php(5): require()
#1 C:\laragon\www\index.php(34): HomeController->index()
#2 {main}
  thrown in C:\laragon\www\views\layout\header.php on line 2
[04-Dec-2024 16:46:07 UTC] PHP Fatal error:  Uncaught Error: Class "Menu" not found in C:\laragon\www\views\layout\header.php:2
Stack trace:
#0 C:\laragon\www\controllers\HomeController.php(5): require()
#1 C:\laragon\www\index.php(34): HomeController->index()
#2 {main}
  thrown in C:\laragon\www\views\layout\header.php on line 2
[04-Dec-2024 16:46:07 UTC] PHP Fatal error:  Uncaught Error: Class "Menu" not found in C:\laragon\www\views\layout\header.php:2
Stack trace:
#0 C:\laragon\www\controllers\HomeController.php(5): require()
#1 C:\laragon\www\index.php(34): HomeController->index()
#2 {main}
  thrown in C:\laragon\www\views\layout\header.php on line 2
[04-Dec-2024 16:46:08 UTC] PHP Fatal error:  Uncaught Error: Class "Menu" not found in C:\laragon\www\views\layout\header.php:2
Stack trace:
#0 C:\laragon\www\controllers\HomeController.php(5): require()
#1 C:\laragon\www\index.php(34): HomeController->index()
#2 {main}
  thrown in C:\laragon\www\views\layout\header.php on line 2
[04-Dec-2024 16:46:52 UTC] PHP Warning:  Undefined array key "csrf_token" in C:\laragon\www\views\admin\menus\form.php on line 15
[04-Dec-2024 16:46:52 UTC] PHP Deprecated:  htmlspecialchars(): Passing null to parameter #1 ($string) of type string is deprecated in C:\laragon\www\models\Security.php on line 40
[04-Dec-2024 16:47:07 UTC] PHP Warning:  Undefined array key "csrf_token" in C:\laragon\www\views\admin\menus\form.php on line 15
[04-Dec-2024 16:47:07 UTC] PHP Deprecated:  htmlspecialchars(): Passing null to parameter #1 ($string) of type string is deprecated in C:\laragon\www\models\Security.php on line 40
[04-Dec-2024 16:50:46 UTC] PHP Warning:  Undefined array key "csrf_token" in C:\laragon\www\controllers\BaseController.php on line 40
[04-Dec-2024 16:55:57 UTC] PHP Deprecated:  Constant FILTER_SANITIZE_STRING is deprecated in C:\laragon\www\controllers\PageController.php on line 12
[04-Dec-2024 16:55:58 UTC] PHP Deprecated:  Constant FILTER_SANITIZE_STRING is deprecated in C:\laragon\www\controllers\PageController.php on line 12
[04-Dec-2024 16:55:58 UTC] PHP Deprecated:  Constant FILTER_SANITIZE_STRING is deprecated in C:\laragon\www\controllers\PageController.php on line 12
[04-Dec-2024 16:55:59 UTC] PHP Deprecated:  Constant FILTER_SANITIZE_STRING is deprecated in C:\laragon\www\controllers\PageController.php on line 12
[04-Dec-2024 16:55:59 UTC] PHP Deprecated:  Constant FILTER_SANITIZE_STRING is deprecated in C:\laragon\www\controllers\PageController.php on line 12
[04-Dec-2024 16:56:00 UTC] PHP Deprecated:  Constant FILTER_SANITIZE_STRING is deprecated in C:\laragon\www\controllers\PageController.php on line 12
[04-Dec-2024 16:56:00 UTC] PHP Deprecated:  Constant FILTER_SANITIZE_STRING is deprecated in C:\laragon\www\controllers\PageController.php on line 12
[04-Dec-2024 16:56:00 UTC] PHP Deprecated:  Constant FILTER_SANITIZE_STRING is deprecated in C:\laragon\www\controllers\PageController.php on line 12
[04-Dec-2024 16:56:00 UTC] PHP Deprecated:  Constant FILTER_SANITIZE_STRING is deprecated in C:\laragon\www\controllers\PageController.php on line 12
[04-Dec-2024 16:56:25 UTC] PHP Deprecated:  Constant FILTER_SANITIZE_STRING is deprecated in C:\laragon\www\controllers\PageController.php on line 12
[04-Dec-2024 16:56:25 UTC] PHP Deprecated:  Constant FILTER_SANITIZE_STRING is deprecated in C:\laragon\www\controllers\PageController.php on line 12
[04-Dec-2024 16:56:25 UTC] PHP Deprecated:  Constant FILTER_SANITIZE_STRING is deprecated in C:\laragon\www\controllers\PageController.php on line 12
[04-Dec-2024 16:56:25 UTC] PHP Deprecated:  Constant FILTER_SANITIZE_STRING is deprecated in C:\laragon\www\controllers\PageController.php on line 12
[04-Dec-2024 16:57:06 UTC] PHP Deprecated:  Constant FILTER_SANITIZE_STRING is deprecated in C:\laragon\www\controllers\PageController.php on line 12
[04-Dec-2024 16:57:22 UTC] PHP Deprecated:  Constant FILTER_SANITIZE_STRING is deprecated in C:\laragon\www\controllers\PageController.php on line 12
[04-Dec-2024 16:57:22 UTC] PHP Deprecated:  Constant FILTER_SANITIZE_STRING is deprecated in C:\laragon\www\controllers\PageController.php on line 12
[04-Dec-2024 16:57:23 UTC] PHP Deprecated:  Constant FILTER_SANITIZE_STRING is deprecated in C:\laragon\www\controllers\PageController.php on line 12
[04-Dec-2024 16:57:23 UTC] PHP Deprecated:  Constant FILTER_SANITIZE_STRING is deprecated in C:\laragon\www\controllers\PageController.php on line 12
[04-Dec-2024 16:57:23 UTC] PHP Deprecated:  Constant FILTER_SANITIZE_STRING is deprecated in C:\laragon\www\controllers\PageController.php on line 12
[04-Dec-2024 16:57:35 UTC] PageController::show() called
[04-Dec-2024 16:57:35 UTC] PHP Deprecated:  Constant FILTER_SANITIZE_STRING is deprecated in C:\laragon\www\controllers\PageController.php on line 13
[04-Dec-2024 16:57:35 UTC] Slug received: prueba
[04-Dec-2024 16:57:35 UTC] Page found: Array
(
    [id] => 1
    [title] => Prueba
    [slug] => prueba
    [content] => Contenido de Prueba
    [is_active] => 1
    [created_at] => 2024-12-04 17:57:03
    [updated_at] => 2024-12-04 17:57:03
)

[04-Dec-2024 16:58:27 UTC] PageController::show() called
[04-Dec-2024 16:58:27 UTC] Slug received: prueba
[04-Dec-2024 16:58:27 UTC] Page found: Array
(
    [id] => 1
    [title] => Prueba
    [slug] => prueba
    [content] => Contenido de Prueba
    [is_active] => 1
    [created_at] => 2024-12-04 17:57:03
    [updated_at] => 2024-12-04 17:57:03
)

[04-Dec-2024 16:58:28 UTC] PageController::show() called
[04-Dec-2024 16:58:28 UTC] Slug received: prueba
[04-Dec-2024 16:58:28 UTC] Page found: Array
(
    [id] => 1
    [title] => Prueba
    [slug] => prueba
    [content] => Contenido de Prueba
    [is_active] => 1
    [created_at] => 2024-12-04 17:57:03
    [updated_at] => 2024-12-04 17:57:03
)

[04-Dec-2024 16:58:29 UTC] PageController::show() called
[04-Dec-2024 16:58:29 UTC] Slug received: prueba
[04-Dec-2024 16:58:29 UTC] Page found: Array
(
    [id] => 1
    [title] => Prueba
    [slug] => prueba
    [content] => Contenido de Prueba
    [is_active] => 1
    [created_at] => 2024-12-04 17:57:03
    [updated_at] => 2024-12-04 17:57:03
)

[04-Dec-2024 17:05:30 UTC] PageController::show() called
[04-Dec-2024 17:05:30 UTC] Slug received: prueba
[04-Dec-2024 17:05:30 UTC] Page found: Array
(
    [id] => 1
    [title] => Prueba
    [slug] => prueba
    [content] => Contenido de Prueba
    [is_active] => 1
    [created_at] => 2024-12-04 17:57:03
    [updated_at] => 2024-12-04 17:57:03
)

[04-Dec-2024 17:05:30 UTC] PageController::show() called
[04-Dec-2024 17:05:30 UTC] Slug received: prueba
[04-Dec-2024 17:05:30 UTC] Page found: Array
(
    [id] => 1
    [title] => Prueba
    [slug] => prueba
    [content] => Contenido de Prueba
    [is_active] => 1
    [created_at] => 2024-12-04 17:57:03
    [updated_at] => 2024-12-04 17:57:03
)

[04-Dec-2024 17:05:30 UTC] PageController::show() called
[04-Dec-2024 17:05:30 UTC] Slug received: prueba
[04-Dec-2024 17:05:30 UTC] Page found: Array
(
    [id] => 1
    [title] => Prueba
    [slug] => prueba
    [content] => Contenido de Prueba
    [is_active] => 1
    [created_at] => 2024-12-04 17:57:03
    [updated_at] => 2024-12-04 17:57:03
)

[04-Dec-2024 17:05:42 UTC] PageController::show() called
[04-Dec-2024 17:05:42 UTC] Slug received: prueba
[04-Dec-2024 17:05:42 UTC] Page found: Array
(
    [id] => 1
    [title] => Prueba
    [slug] => prueba
    [content] => Contenido de Prueba
    [is_active] => 1
    [created_at] => 2024-12-04 17:57:03
    [updated_at] => 2024-12-04 17:57:03
)

[04-Dec-2024 17:05:42 UTC] PageController::show() called
[04-Dec-2024 17:05:42 UTC] Slug received: prueba
[04-Dec-2024 17:05:42 UTC] Page found: Array
(
    [id] => 1
    [title] => Prueba
    [slug] => prueba
    [content] => Contenido de Prueba
    [is_active] => 1
    [created_at] => 2024-12-04 17:57:03
    [updated_at] => 2024-12-04 17:57:03
)

[04-Dec-2024 17:05:43 UTC] PageController::show() called
[04-Dec-2024 17:05:43 UTC] Slug received: prueba
[04-Dec-2024 17:05:43 UTC] Page found: Array
(
    [id] => 1
    [title] => Prueba
    [slug] => prueba
    [content] => Contenido de Prueba
    [is_active] => 1
    [created_at] => 2024-12-04 17:57:03
    [updated_at] => 2024-12-04 17:57:03
)

[04-Dec-2024 17:05:43 UTC] PageController::show() called
[04-Dec-2024 17:05:43 UTC] Slug received: prueba
[04-Dec-2024 17:05:43 UTC] Page found: Array
(
    [id] => 1
    [title] => Prueba
    [slug] => prueba
    [content] => Contenido de Prueba
    [is_active] => 1
    [created_at] => 2024-12-04 17:57:03
    [updated_at] => 2024-12-04 17:57:03
)

[04-Dec-2024 17:05:43 UTC] PageController::show() called
[04-Dec-2024 17:05:43 UTC] Slug received: prueba
[04-Dec-2024 17:05:43 UTC] Page found: Array
(
    [id] => 1
    [title] => Prueba
    [slug] => prueba
    [content] => Contenido de Prueba
    [is_active] => 1
    [created_at] => 2024-12-04 17:57:03
    [updated_at] => 2024-12-04 17:57:03
)

[04-Dec-2024 17:06:28 UTC] Slug received: prueba
[04-Dec-2024 17:06:28 UTC] Page found: Array
(
    [id] => 1
    [title] => Prueba
    [slug] => prueba
    [content] => Contenido de Prueba
    [is_active] => 1
    [created_at] => 2024-12-04 17:57:03
    [updated_at] => 2024-12-04 17:57:03
)

[04-Dec-2024 17:06:29 UTC] Slug received: prueba
[04-Dec-2024 17:06:29 UTC] Page found: Array
(
    [id] => 1
    [title] => Prueba
    [slug] => prueba
    [content] => Contenido de Prueba
    [is_active] => 1
    [created_at] => 2024-12-04 17:57:03
    [updated_at] => 2024-12-04 17:57:03
)

[04-Dec-2024 17:06:30 UTC] Slug received: prueba
[04-Dec-2024 17:06:30 UTC] Page found: Array
(
    [id] => 1
    [title] => Prueba
    [slug] => prueba
    [content] => Contenido de Prueba
    [is_active] => 1
    [created_at] => 2024-12-04 17:57:03
    [updated_at] => 2024-12-04 17:57:03
)

[04-Dec-2024 17:06:30 UTC] Slug received: prueba
[04-Dec-2024 17:06:30 UTC] Page found: Array
(
    [id] => 1
    [title] => Prueba
    [slug] => prueba
    [content] => Contenido de Prueba
    [is_active] => 1
    [created_at] => 2024-12-04 17:57:03
    [updated_at] => 2024-12-04 17:57:03
)

[04-Dec-2024 17:06:30 UTC] Slug received: prueba
[04-Dec-2024 17:06:30 UTC] Page found: Array
(
    [id] => 1
    [title] => Prueba
    [slug] => prueba
    [content] => Contenido de Prueba
    [is_active] => 1
    [created_at] => 2024-12-04 17:57:03
    [updated_at] => 2024-12-04 17:57:03
)

[04-Dec-2024 17:07:34 UTC] Slug received: prueba
[04-Dec-2024 17:07:34 UTC] Page found: Array
(
    [id] => 1
    [title] => Prueba
    [slug] => prueba
    [content] => Contenido de Prueba
    [is_active] => 1
    [created_at] => 2024-12-04 17:57:03
    [updated_at] => 2024-12-04 17:57:03
)

[04-Dec-2024 17:07:34 UTC] Slug received: prueba
[04-Dec-2024 17:07:34 UTC] Page found: Array
(
    [id] => 1
    [title] => Prueba
    [slug] => prueba
    [content] => Contenido de Prueba
    [is_active] => 1
    [created_at] => 2024-12-04 17:57:03
    [updated_at] => 2024-12-04 17:57:03
)

[04-Dec-2024 17:07:34 UTC] Slug received: prueba
[04-Dec-2024 17:07:34 UTC] Page found: Array
(
    [id] => 1
    [title] => Prueba
    [slug] => prueba
    [content] => Contenido de Prueba
    [is_active] => 1
    [created_at] => 2024-12-04 17:57:03
    [updated_at] => 2024-12-04 17:57:03
)

[04-Dec-2024 17:07:35 UTC] Slug received: prueba
[04-Dec-2024 17:07:35 UTC] Page found: Array
(
    [id] => 1
    [title] => Prueba
    [slug] => prueba
    [content] => Contenido de Prueba
    [is_active] => 1
    [created_at] => 2024-12-04 17:57:03
    [updated_at] => 2024-12-04 17:57:03
)

[04-Dec-2024 17:08:45 UTC] Slug received: prueba
[04-Dec-2024 17:08:45 UTC] Page found: Array
(
    [id] => 1
    [title] => Prueba
    [slug] => prueba
    [content] => Contenido de Prueba
    [is_active] => 1
    [created_at] => 2024-12-04 17:57:03
    [updated_at] => 2024-12-04 17:57:03
)

[04-Dec-2024 17:08:46 UTC] Slug received: prueba
[04-Dec-2024 17:08:46 UTC] Page found: Array
(
    [id] => 1
    [title] => Prueba
    [slug] => prueba
    [content] => Contenido de Prueba
    [is_active] => 1
    [created_at] => 2024-12-04 17:57:03
    [updated_at] => 2024-12-04 17:57:03
)

[04-Dec-2024 17:08:46 UTC] Slug received: prueba
[04-Dec-2024 17:08:46 UTC] Page found: Array
(
    [id] => 1
    [title] => Prueba
    [slug] => prueba
    [content] => Contenido de Prueba
    [is_active] => 1
    [created_at] => 2024-12-04 17:57:03
    [updated_at] => 2024-12-04 17:57:03
)

[04-Dec-2024 17:08:46 UTC] Slug received: prueba
[04-Dec-2024 17:08:46 UTC] Page found: Array
(
    [id] => 1
    [title] => Prueba
    [slug] => prueba
    [content] => Contenido de Prueba
    [is_active] => 1
    [created_at] => 2024-12-04 17:57:03
    [updated_at] => 2024-12-04 17:57:03
)

[04-Dec-2024 17:08:47 UTC] Slug received: prueba
[04-Dec-2024 17:08:47 UTC] Page found: Array
(
    [id] => 1
    [title] => Prueba
    [slug] => prueba
    [content] => Contenido de Prueba
    [is_active] => 1
    [created_at] => 2024-12-04 17:57:03
    [updated_at] => 2024-12-04 17:57:03
)

[04-Dec-2024 17:09:05 UTC] Slug received: prueba
[04-Dec-2024 17:09:05 UTC] Page found: Array
(
    [id] => 1
    [title] => Prueba
    [slug] => prueba
    [content] => Contenido de Prueba
    [is_active] => 1
    [created_at] => 2024-12-04 17:57:03
    [updated_at] => 2024-12-04 17:57:03
)

[04-Dec-2024 17:09:29 UTC] Slug received: prueba
[04-Dec-2024 17:09:29 UTC] Page found: Array
(
    [id] => 3
    [menu_id] => 9
    [title] => Prueba
    [slug] => prueba
    [content] => <p>Pruebita&nbsp;</p>
    [excerpt] =>                                     
    [status] => published
    [featured_image] => 67508cc714488-bob-esponja-es-gay-nickelodeon-finalmente-lo-saca-del-closet-portada.webp
    [created_at] => 2024-12-04 18:09:27
    [updated_at] => 2024-12-04 18:09:27
    [menu_name] => Prueba
)

[04-Dec-2024 17:09:29 UTC] Slug received: prueba
[04-Dec-2024 17:09:29 UTC] Page found: Array
(
    [id] => 3
    [menu_id] => 9
    [title] => Prueba
    [slug] => prueba
    [content] => <p>Pruebita&nbsp;</p>
    [excerpt] =>                                     
    [status] => published
    [featured_image] => 67508cc714488-bob-esponja-es-gay-nickelodeon-finalmente-lo-saca-del-closet-portada.webp
    [created_at] => 2024-12-04 18:09:27
    [updated_at] => 2024-12-04 18:09:27
    [menu_name] => Prueba
)

[04-Dec-2024 17:09:29 UTC] Slug received: prueba
[04-Dec-2024 17:09:29 UTC] Page found: Array
(
    [id] => 3
    [menu_id] => 9
    [title] => Prueba
    [slug] => prueba
    [content] => <p>Pruebita&nbsp;</p>
    [excerpt] =>                                     
    [status] => published
    [featured_image] => 67508cc714488-bob-esponja-es-gay-nickelodeon-finalmente-lo-saca-del-closet-portada.webp
    [created_at] => 2024-12-04 18:09:27
    [updated_at] => 2024-12-04 18:09:27
    [menu_name] => Prueba
)

[04-Dec-2024 17:09:34 UTC] Slug received: prueba
[04-Dec-2024 17:09:34 UTC] Page found: Array
(
    [id] => 3
    [menu_id] => 9
    [title] => Prueba
    [slug] => prueba
    [content] => <p>Pruebita&nbsp;</p>
    [excerpt] =>                                     
    [status] => published
    [featured_image] => 67508cc714488-bob-esponja-es-gay-nickelodeon-finalmente-lo-saca-del-closet-portada.webp
    [created_at] => 2024-12-04 18:09:27
    [updated_at] => 2024-12-04 18:09:27
    [menu_name] => Prueba
)

[04-Dec-2024 17:11:14 UTC] PHP Fatal error:  Uncaught Error: Call to undefined method Page::countTotal() in C:\laragon\www\controllers\AdminController.php:21
Stack trace:
#0 C:\laragon\www\index.php(54): AdminController->dashboard()
#1 {main}
  thrown in C:\laragon\www\controllers\AdminController.php on line 21
[04-Dec-2024 17:15:27 UTC] Slug received: prueba
[04-Dec-2024 17:15:27 UTC] Page found: Array
(
    [id] => 3
    [menu_id] => 9
    [title] => Prueba
    [slug] => prueba
    [content] => <p>Pruebita&nbsp;</p>
    [excerpt] =>                                                                         
    [status] => published
    [featured_image] => 
    [created_at] => 2024-12-04 18:09:27
    [updated_at] => 2024-12-04 18:15:24
    [menu_name] => Prueba
)

[04-Dec-2024 17:15:27 UTC] Slug received: prueba
[04-Dec-2024 17:15:27 UTC] Page found: Array
(
    [id] => 3
    [menu_id] => 9
    [title] => Prueba
    [slug] => prueba
    [content] => <p>Pruebita&nbsp;</p>
    [excerpt] =>                                                                         
    [status] => published
    [featured_image] => 
    [created_at] => 2024-12-04 18:09:27
    [updated_at] => 2024-12-04 18:15:24
    [menu_name] => Prueba
)

[04-Dec-2024 17:15:27 UTC] Slug received: prueba
[04-Dec-2024 17:15:27 UTC] Page found: Array
(
    [id] => 3
    [menu_id] => 9
    [title] => Prueba
    [slug] => prueba
    [content] => <p>Pruebita&nbsp;</p>
    [excerpt] =>                                                                         
    [status] => published
    [featured_image] => 
    [created_at] => 2024-12-04 18:09:27
    [updated_at] => 2024-12-04 18:15:24
    [menu_name] => Prueba
)

[04-Dec-2024 17:15:27 UTC] Slug received: prueba
[04-Dec-2024 17:15:27 UTC] Page found: Array
(
    [id] => 3
    [menu_id] => 9
    [title] => Prueba
    [slug] => prueba
    [content] => <p>Pruebita&nbsp;</p>
    [excerpt] =>                                                                         
    [status] => published
    [featured_image] => 
    [created_at] => 2024-12-04 18:09:27
    [updated_at] => 2024-12-04 18:15:24
    [menu_name] => Prueba
)

[04-Dec-2024 17:15:28 UTC] Slug received: prueba
[04-Dec-2024 17:15:28 UTC] Page found: Array
(
    [id] => 3
    [menu_id] => 9
    [title] => Prueba
    [slug] => prueba
    [content] => <p>Pruebita&nbsp;</p>
    [excerpt] =>                                                                         
    [status] => published
    [featured_image] => 
    [created_at] => 2024-12-04 18:09:27
    [updated_at] => 2024-12-04 18:15:24
    [menu_name] => Prueba
)

[04-Dec-2024 17:15:29 UTC] Slug received: prueba
[04-Dec-2024 17:15:29 UTC] Page found: Array
(
    [id] => 3
    [menu_id] => 9
    [title] => Prueba
    [slug] => prueba
    [content] => <p>Pruebita&nbsp;</p>
    [excerpt] =>                                                                         
    [status] => published
    [featured_image] => 
    [created_at] => 2024-12-04 18:09:27
    [updated_at] => 2024-12-04 18:15:24
    [menu_name] => Prueba
)

[04-Dec-2024 17:15:29 UTC] Slug received: prueba
[04-Dec-2024 17:15:29 UTC] Page found: Array
(
    [id] => 3
    [menu_id] => 9
    [title] => Prueba
    [slug] => prueba
    [content] => <p>Pruebita&nbsp;</p>
    [excerpt] =>                                                                         
    [status] => published
    [featured_image] => 
    [created_at] => 2024-12-04 18:09:27
    [updated_at] => 2024-12-04 18:15:24
    [menu_name] => Prueba
)

[04-Dec-2024 17:16:12 UTC] Slug received: prueba
[04-Dec-2024 17:16:12 UTC] Page found: Array
(
    [id] => 1
    [title] => Prueba
    [slug] => prueba
    [content] => Contenido de Prueba
    [is_active] => 1
    [created_at] => 2024-12-04 17:57:03
    [updated_at] => 2024-12-04 17:57:03
)

[04-Dec-2024 17:18:12 UTC] PHP Warning:  Undefined array key "url" in C:\laragon\www\controllers\MenuController.php on line 84
[04-Dec-2024 17:19:58 UTC] Slug received: test
[04-Dec-2024 17:19:58 UTC] Page found: Array
(
    [id] => 4
    [title] => Test
    [slug] => test
    [content] => Contenido de Test
    [is_active] => 1
    [created_at] => 2024-12-04 18:19:04
    [updated_at] => 2024-12-04 18:19:04
)

[04-Dec-2024 17:19:59 UTC] Slug received: test
[04-Dec-2024 17:19:59 UTC] Page found: Array
(
    [id] => 4
    [title] => Test
    [slug] => test
    [content] => Contenido de Test
    [is_active] => 1
    [created_at] => 2024-12-04 18:19:04
    [updated_at] => 2024-12-04 18:19:04
)

[04-Dec-2024 17:19:59 UTC] Slug received: test
[04-Dec-2024 17:19:59 UTC] Page found: Array
(
    [id] => 4
    [title] => Test
    [slug] => test
    [content] => Contenido de Test
    [is_active] => 1
    [created_at] => 2024-12-04 18:19:04
    [updated_at] => 2024-12-04 18:19:04
)

[04-Dec-2024 17:20:00 UTC] Slug received: test
[04-Dec-2024 17:20:00 UTC] Page found: Array
(
    [id] => 4
    [title] => Test
    [slug] => test
    [content] => Contenido de Test
    [is_active] => 1
    [created_at] => 2024-12-04 18:19:04
    [updated_at] => 2024-12-04 18:19:04
)

[04-Dec-2024 17:20:25 UTC] Slug received: test
[04-Dec-2024 17:20:25 UTC] Page found: Array
(
    [id] => 4
    [title] => Test
    [slug] => test
    [content] => Contenido de Test
    [is_active] => 1
    [created_at] => 2024-12-04 18:19:04
    [updated_at] => 2024-12-04 18:19:04
)

[04-Dec-2024 17:20:25 UTC] Slug received: test
[04-Dec-2024 17:20:25 UTC] Page found: Array
(
    [id] => 4
    [title] => Test
    [slug] => test
    [content] => Contenido de Test
    [is_active] => 1
    [created_at] => 2024-12-04 18:19:04
    [updated_at] => 2024-12-04 18:19:04
)

[04-Dec-2024 17:20:25 UTC] Slug received: test
[04-Dec-2024 17:20:25 UTC] Page found: Array
(
    [id] => 4
    [title] => Test
    [slug] => test
    [content] => Contenido de Test
    [is_active] => 1
    [created_at] => 2024-12-04 18:19:04
    [updated_at] => 2024-12-04 18:19:04
)

[04-Dec-2024 17:20:25 UTC] Slug received: test
[04-Dec-2024 17:20:25 UTC] Page found: Array
(
    [id] => 4
    [title] => Test
    [slug] => test
    [content] => Contenido de Test
    [is_active] => 1
    [created_at] => 2024-12-04 18:19:04
    [updated_at] => 2024-12-04 18:19:04
)

[04-Dec-2024 17:20:26 UTC] Slug received: test
[04-Dec-2024 17:20:26 UTC] Page found: Array
(
    [id] => 4
    [title] => Test
    [slug] => test
    [content] => Contenido de Test
    [is_active] => 1
    [created_at] => 2024-12-04 18:19:04
    [updated_at] => 2024-12-04 18:19:04
)

[04-Dec-2024 17:20:26 UTC] Slug received: test
[04-Dec-2024 17:20:26 UTC] Page found: Array
(
    [id] => 4
    [title] => Test
    [slug] => test
    [content] => Contenido de Test
    [is_active] => 1
    [created_at] => 2024-12-04 18:19:04
    [updated_at] => 2024-12-04 18:19:04
)

[04-Dec-2024 17:20:27 UTC] Slug received: test
[04-Dec-2024 17:20:27 UTC] Page found: Array
(
    [id] => 4
    [title] => Test
    [slug] => test
    [content] => Contenido de Test
    [is_active] => 1
    [created_at] => 2024-12-04 18:19:04
    [updated_at] => 2024-12-04 18:19:04
)

[04-Dec-2024 17:20:27 UTC] Slug received: test
[04-Dec-2024 17:20:27 UTC] Page found: Array
(
    [id] => 4
    [title] => Test
    [slug] => test
    [content] => Contenido de Test
    [is_active] => 1
    [created_at] => 2024-12-04 18:19:04
    [updated_at] => 2024-12-04 18:19:04
)

[04-Dec-2024 17:20:27 UTC] Slug received: test
[04-Dec-2024 17:20:27 UTC] Page found: Array
(
    [id] => 4
    [title] => Test
    [slug] => test
    [content] => Contenido de Test
    [is_active] => 1
    [created_at] => 2024-12-04 18:19:04
    [updated_at] => 2024-12-04 18:19:04
)

[04-Dec-2024 17:20:27 UTC] Slug received: test
[04-Dec-2024 17:20:27 UTC] Page found: Array
(
    [id] => 4
    [title] => Test
    [slug] => test
    [content] => Contenido de Test
    [is_active] => 1
    [created_at] => 2024-12-04 18:19:04
    [updated_at] => 2024-12-04 18:19:04
)

[04-Dec-2024 17:20:27 UTC] Slug received: test
[04-Dec-2024 17:20:27 UTC] Page found: Array
(
    [id] => 4
    [title] => Test
    [slug] => test
    [content] => Contenido de Test
    [is_active] => 1
    [created_at] => 2024-12-04 18:19:04
    [updated_at] => 2024-12-04 18:19:04
)

[04-Dec-2024 17:20:42 UTC] Slug received: test
[04-Dec-2024 17:20:42 UTC] Page found: Array
(
    [id] => 4
    [title] => Test
    [slug] => test
    [content] => Contenido de Test
    [is_active] => 1
    [created_at] => 2024-12-04 18:19:04
    [updated_at] => 2024-12-04 18:19:04
)

[04-Dec-2024 17:20:43 UTC] Slug received: test
[04-Dec-2024 17:20:43 UTC] Page found: Array
(
    [id] => 4
    [title] => Test
    [slug] => test
    [content] => Contenido de Test
    [is_active] => 1
    [created_at] => 2024-12-04 18:19:04
    [updated_at] => 2024-12-04 18:19:04
)

[04-Dec-2024 17:20:45 UTC] Slug received: test2
[04-Dec-2024 17:20:45 UTC] Page found: 
[04-Dec-2024 17:20:45 UTC] Error in PageController::show(): Página no encontrada
[04-Dec-2024 17:20:48 UTC] Slug received: test
[04-Dec-2024 17:20:48 UTC] Page found: Array
(
    [id] => 4
    [title] => Test
    [slug] => test
    [content] => Contenido de Test
    [is_active] => 1
    [created_at] => 2024-12-04 18:19:04
    [updated_at] => 2024-12-04 18:19:04
)

[04-Dec-2024 17:20:48 UTC] Slug received: test
[04-Dec-2024 17:20:48 UTC] Page found: Array
(
    [id] => 4
    [title] => Test
    [slug] => test
    [content] => Contenido de Test
    [is_active] => 1
    [created_at] => 2024-12-04 18:19:04
    [updated_at] => 2024-12-04 18:19:04
)

[04-Dec-2024 17:20:49 UTC] Slug received: test
[04-Dec-2024 17:20:49 UTC] Page found: Array
(
    [id] => 4
    [title] => Test
    [slug] => test
    [content] => Contenido de Test
    [is_active] => 1
    [created_at] => 2024-12-04 18:19:04
    [updated_at] => 2024-12-04 18:19:04
)

[04-Dec-2024 17:20:49 UTC] Slug received: test
[04-Dec-2024 17:20:49 UTC] Page found: Array
(
    [id] => 4
    [title] => Test
    [slug] => test
    [content] => Contenido de Test
    [is_active] => 1
    [created_at] => 2024-12-04 18:19:04
    [updated_at] => 2024-12-04 18:19:04
)

[04-Dec-2024 17:21:09 UTC] Slug received: test
[04-Dec-2024 17:21:09 UTC] Page found: Array
(
    [id] => 4
    [title] => Test
    [slug] => test
    [content] => Contenido de Test
    [is_active] => 1
    [created_at] => 2024-12-04 18:19:04
    [updated_at] => 2024-12-04 18:19:04
)

[04-Dec-2024 17:21:09 UTC] Slug received: test
[04-Dec-2024 17:21:09 UTC] Page found: Array
(
    [id] => 4
    [title] => Test
    [slug] => test
    [content] => Contenido de Test
    [is_active] => 1
    [created_at] => 2024-12-04 18:19:04
    [updated_at] => 2024-12-04 18:19:04
)

[04-Dec-2024 17:21:10 UTC] Slug received: test
[04-Dec-2024 17:21:10 UTC] Page found: Array
(
    [id] => 4
    [title] => Test
    [slug] => test
    [content] => Contenido de Test
    [is_active] => 1
    [created_at] => 2024-12-04 18:19:04
    [updated_at] => 2024-12-04 18:19:04
)

[04-Dec-2024 17:21:34 UTC] Slug received: test
[04-Dec-2024 17:21:34 UTC] Page found: Array
(
    [id] => 4
    [title] => Test
    [slug] => test
    [content] => Contenido de Test
    [is_active] => 1
    [created_at] => 2024-12-04 18:19:04
    [updated_at] => 2024-12-04 18:19:04
)

[04-Dec-2024 17:21:59 UTC] Slug received: test
[04-Dec-2024 17:21:59 UTC] Page found: Array
(
    [id] => 4
    [title] => Test
    [slug] => test
    [content] => Contenido de Test
    [is_active] => 1
    [created_at] => 2024-12-04 18:19:04
    [updated_at] => 2024-12-04 18:19:04
)

[04-Dec-2024 17:21:59 UTC] Slug received: test
[04-Dec-2024 17:21:59 UTC] Page found: Array
(
    [id] => 4
    [title] => Test
    [slug] => test
    [content] => Contenido de Test
    [is_active] => 1
    [created_at] => 2024-12-04 18:19:04
    [updated_at] => 2024-12-04 18:19:04
)

[04-Dec-2024 17:22:00 UTC] Slug received: test
[04-Dec-2024 17:22:00 UTC] Page found: Array
(
    [id] => 4
    [title] => Test
    [slug] => test
    [content] => Contenido de Test
    [is_active] => 1
    [created_at] => 2024-12-04 18:19:04
    [updated_at] => 2024-12-04 18:19:04
)

[04-Dec-2024 17:22:00 UTC] Slug received: test
[04-Dec-2024 17:22:00 UTC] Page found: Array
(
    [id] => 4
    [title] => Test
    [slug] => test
    [content] => Contenido de Test
    [is_active] => 1
    [created_at] => 2024-12-04 18:19:04
    [updated_at] => 2024-12-04 18:19:04
)

[04-Dec-2024 17:24:22 UTC] Slug received: test
[04-Dec-2024 17:24:22 UTC] Page found: Array
(
    [id] => 5
    [menu_id] => 
    [title] => Test
    [slug] => test
    [content] => <p>Esto es una prueba&nbsp;</p>
    [excerpt] =>                                     
    [status] => published
    [featured_image] => 6750904472ba1-bob-esponja-es-gay-nickelodeon-finalmente-lo-saca-del-closet-portada.webp
    [created_at] => 2024-12-04 18:24:20
    [updated_at] => 2024-12-04 18:24:20
    [menu_name] => 
)

[04-Dec-2024 17:24:47 UTC] Slug received: test
[04-Dec-2024 17:24:47 UTC] Page found: Array
(
    [id] => 5
    [title] => Test
    [slug] => test
    [content] => Contenido de Test
    [is_active] => 1
    [created_at] => 2024-12-04 18:24:05
    [updated_at] => 2024-12-04 18:24:05
)

[04-Dec-2024 17:24:47 UTC] Slug received: test
[04-Dec-2024 17:24:47 UTC] Page found: Array
(
    [id] => 5
    [title] => Test
    [slug] => test
    [content] => Contenido de Test
    [is_active] => 1
    [created_at] => 2024-12-04 18:24:05
    [updated_at] => 2024-12-04 18:24:05
)

[04-Dec-2024 17:24:47 UTC] Slug received: test
[04-Dec-2024 17:24:47 UTC] Page found: Array
(
    [id] => 5
    [title] => Test
    [slug] => test
    [content] => Contenido de Test
    [is_active] => 1
    [created_at] => 2024-12-04 18:24:05
    [updated_at] => 2024-12-04 18:24:05
)

[04-Dec-2024 17:24:54 UTC] Slug received: test
[04-Dec-2024 17:24:54 UTC] Page found: 
[04-Dec-2024 17:24:54 UTC] Error in PageController::show(): Página no encontrada
[04-Dec-2024 17:24:54 UTC] Slug received: test
[04-Dec-2024 17:24:54 UTC] Page found: 
[04-Dec-2024 17:24:54 UTC] Error in PageController::show(): Página no encontrada
[04-Dec-2024 17:24:54 UTC] Slug received: test
[04-Dec-2024 17:24:54 UTC] Page found: 
[04-Dec-2024 17:24:54 UTC] Error in PageController::show(): Página no encontrada
[04-Dec-2024 17:24:55 UTC] Slug received: test
[04-Dec-2024 17:24:55 UTC] Page found: 
[04-Dec-2024 17:24:55 UTC] Error in PageController::show(): Página no encontrada
[04-Dec-2024 17:24:55 UTC] Slug received: test
[04-Dec-2024 17:24:55 UTC] Page found: 
[04-Dec-2024 17:24:55 UTC] Error in PageController::show(): Página no encontrada
[04-Dec-2024 17:26:45 UTC] PHP Fatal error:  Uncaught Error: Call to undefined method User::updateLastLogin() in C:\laragon\www\controllers\AuthController.php:27
Stack trace:
#0 C:\laragon\www\index.php(54): AuthController->login()
#1 {main}
  thrown in C:\laragon\www\controllers\AuthController.php on line 27
[04-Dec-2024 17:40:39 UTC] PHP Warning:  Trying to access array offset on value of type bool in C:\laragon\www\views\admin\posts\form.php on line 25
[04-Dec-2024 17:40:39 UTC] PHP Warning:  Trying to access array offset on value of type bool in C:\laragon\www\views\admin\posts\form.php on line 38
[04-Dec-2024 17:40:39 UTC] PHP Warning:  Trying to access array offset on value of type bool in C:\laragon\www\views\admin\posts\form.php on line 47
[04-Dec-2024 17:40:39 UTC] PHP Warning:  Trying to access array offset on value of type bool in C:\laragon\www\views\admin\posts\form.php on line 56
[04-Dec-2024 17:40:39 UTC] PHP Warning:  Trying to access array offset on value of type bool in C:\laragon\www\views\admin\posts\form.php on line 102
[04-Dec-2024 17:40:39 UTC] PHP Warning:  Trying to access array offset on value of type bool in C:\laragon\www\views\admin\posts\form.php on line 105
[04-Dec-2024 17:41:36 UTC] Slug received: test
[04-Dec-2024 17:41:36 UTC] Page found: Array
(
    [id] => 7
    [title] => Test
    [slug] => test
    [content] => Contenido de Test
    [is_active] => 1
    [created_at] => 2024-12-04 18:40:34
    [updated_at] => 2024-12-04 18:40:34
)

[04-Dec-2024 17:41:37 UTC] Slug received: test
[04-Dec-2024 17:41:37 UTC] Page found: Array
(
    [id] => 7
    [title] => Test
    [slug] => test
    [content] => Contenido de Test
    [is_active] => 1
    [created_at] => 2024-12-04 18:40:34
    [updated_at] => 2024-12-04 18:40:34
)

[04-Dec-2024 17:41:37 UTC] Slug received: test
[04-Dec-2024 17:41:37 UTC] Page found: Array
(
    [id] => 7
    [title] => Test
    [slug] => test
    [content] => Contenido de Test
    [is_active] => 1
    [created_at] => 2024-12-04 18:40:34
    [updated_at] => 2024-12-04 18:40:34
)

[04-Dec-2024 17:41:37 UTC] Slug received: test
[04-Dec-2024 17:41:37 UTC] Page found: Array
(
    [id] => 7
    [title] => Test
    [slug] => test
    [content] => Contenido de Test
    [is_active] => 1
    [created_at] => 2024-12-04 18:40:34
    [updated_at] => 2024-12-04 18:40:34
)

[04-Dec-2024 17:42:02 UTC] Slug received: test
[04-Dec-2024 17:42:02 UTC] Page found: Array
(
    [id] => 7
    [title] => Test
    [slug] => test
    [content] => Contenido de Test
    [is_active] => 1
    [created_at] => 2024-12-04 18:40:34
    [updated_at] => 2024-12-04 18:40:34
)

[04-Dec-2024 17:42:02 UTC] Slug received: test
[04-Dec-2024 17:42:02 UTC] Page found: Array
(
    [id] => 7
    [title] => Test
    [slug] => test
    [content] => Contenido de Test
    [is_active] => 1
    [created_at] => 2024-12-04 18:40:34
    [updated_at] => 2024-12-04 18:40:34
)

[04-Dec-2024 17:42:02 UTC] Slug received: test
[04-Dec-2024 17:42:02 UTC] Page found: Array
(
    [id] => 7
    [title] => Test
    [slug] => test
    [content] => Contenido de Test
    [is_active] => 1
    [created_at] => 2024-12-04 18:40:34
    [updated_at] => 2024-12-04 18:40:34
)

[04-Dec-2024 17:42:03 UTC] Slug received: test
[04-Dec-2024 17:42:03 UTC] Page found: Array
(
    [id] => 7
    [title] => Test
    [slug] => test
    [content] => Contenido de Test
    [is_active] => 1
    [created_at] => 2024-12-04 18:40:34
    [updated_at] => 2024-12-04 18:40:34
)

[04-Dec-2024 17:42:03 UTC] Slug received: test
[04-Dec-2024 17:42:03 UTC] Page found: Array
(
    [id] => 7
    [title] => Test
    [slug] => test
    [content] => Contenido de Test
    [is_active] => 1
    [created_at] => 2024-12-04 18:40:34
    [updated_at] => 2024-12-04 18:40:34
)

[04-Dec-2024 17:42:04 UTC] Slug received: test
[04-Dec-2024 17:42:04 UTC] Page found: Array
(
    [id] => 7
    [title] => Test
    [slug] => test
    [content] => Contenido de Test
    [is_active] => 1
    [created_at] => 2024-12-04 18:40:34
    [updated_at] => 2024-12-04 18:40:34
)

[04-Dec-2024 17:42:04 UTC] Slug received: test
[04-Dec-2024 17:42:04 UTC] Page found: Array
(
    [id] => 7
    [title] => Test
    [slug] => test
    [content] => Contenido de Test
    [is_active] => 1
    [created_at] => 2024-12-04 18:40:34
    [updated_at] => 2024-12-04 18:40:34
)

[04-Dec-2024 17:42:04 UTC] Slug received: test
[04-Dec-2024 17:42:04 UTC] Page found: Array
(
    [id] => 7
    [title] => Test
    [slug] => test
    [content] => Contenido de Test
    [is_active] => 1
    [created_at] => 2024-12-04 18:40:34
    [updated_at] => 2024-12-04 18:40:34
)

[04-Dec-2024 17:42:04 UTC] Slug received: test
[04-Dec-2024 17:42:04 UTC] Page found: Array
(
    [id] => 7
    [title] => Test
    [slug] => test
    [content] => Contenido de Test
    [is_active] => 1
    [created_at] => 2024-12-04 18:40:34
    [updated_at] => 2024-12-04 18:40:34
)

[04-Dec-2024 17:42:49 UTC] Slug received: test
[04-Dec-2024 17:42:49 UTC] Page found: Array
(
    [id] => 7
    [title] => Test
    [slug] => test
    [content] => Contenido de Test
    [is_active] => 1
    [created_at] => 2024-12-04 18:40:34
    [updated_at] => 2024-12-04 18:40:34
)

[04-Dec-2024 17:42:50 UTC] Slug received: test
[04-Dec-2024 17:42:50 UTC] Page found: Array
(
    [id] => 7
    [title] => Test
    [slug] => test
    [content] => Contenido de Test
    [is_active] => 1
    [created_at] => 2024-12-04 18:40:34
    [updated_at] => 2024-12-04 18:40:34
)

[04-Dec-2024 17:43:05 UTC] Slug received: test
[04-Dec-2024 17:43:05 UTC] Page found: Array
(
    [id] => 7
    [title] => Test
    [slug] => test
    [content] => Contenido de Test
    [is_active] => 1
    [created_at] => 2024-12-04 18:40:34
    [updated_at] => 2024-12-04 18:40:34
)

[04-Dec-2024 17:43:51 UTC] Slug received: test
[04-Dec-2024 17:43:51 UTC] Page found: Array
(
    [id] => 7
    [title] => Test
    [slug] => test
    [content] => Contenido de Test
    [is_active] => 1
    [created_at] => 2024-12-04 18:40:34
    [updated_at] => 2024-12-04 18:40:34
)

[04-Dec-2024 17:43:51 UTC] Slug received: test
[04-Dec-2024 17:43:51 UTC] Page found: Array
(
    [id] => 7
    [title] => Test
    [slug] => test
    [content] => Contenido de Test
    [is_active] => 1
    [created_at] => 2024-12-04 18:40:34
    [updated_at] => 2024-12-04 18:40:34
)

[04-Dec-2024 17:43:51 UTC] Slug received: test
[04-Dec-2024 17:43:51 UTC] Page found: Array
(
    [id] => 7
    [title] => Test
    [slug] => test
    [content] => Contenido de Test
    [is_active] => 1
    [created_at] => 2024-12-04 18:40:34
    [updated_at] => 2024-12-04 18:40:34
)

[04-Dec-2024 17:43:52 UTC] Slug received: test
[04-Dec-2024 17:43:52 UTC] Page found: Array
(
    [id] => 7
    [title] => Test
    [slug] => test
    [content] => Contenido de Test
    [is_active] => 1
    [created_at] => 2024-12-04 18:40:34
    [updated_at] => 2024-12-04 18:40:34
)

[04-Dec-2024 17:44:50 UTC] Slug received: prueba
[04-Dec-2024 17:44:50 UTC] Page found: Array
(
    [id] => 8
    [title] => Prueba
    [slug] => prueba
    [content] => Contenido de Prueba
    [is_active] => 1
    [created_at] => 2024-12-04 18:44:27
    [updated_at] => 2024-12-04 18:44:27
)

[04-Dec-2024 17:44:50 UTC] Slug received: prueba
[04-Dec-2024 17:44:50 UTC] Page found: Array
(
    [id] => 8
    [title] => Prueba
    [slug] => prueba
    [content] => Contenido de Prueba
    [is_active] => 1
    [created_at] => 2024-12-04 18:44:27
    [updated_at] => 2024-12-04 18:44:27
)

[04-Dec-2024 17:44:50 UTC] Slug received: prueba
[04-Dec-2024 17:44:50 UTC] Page found: Array
(
    [id] => 8
    [title] => Prueba
    [slug] => prueba
    [content] => Contenido de Prueba
    [is_active] => 1
    [created_at] => 2024-12-04 18:44:27
    [updated_at] => 2024-12-04 18:44:27
)

[04-Dec-2024 17:44:50 UTC] Slug received: prueba
[04-Dec-2024 17:44:50 UTC] Page found: Array
(
    [id] => 8
    [title] => Prueba
    [slug] => prueba
    [content] => Contenido de Prueba
    [is_active] => 1
    [created_at] => 2024-12-04 18:44:27
    [updated_at] => 2024-12-04 18:44:27
)

[04-Dec-2024 17:45:50 UTC] Slug received: prueba
[04-Dec-2024 17:45:50 UTC] Page found: Array
(
    [id] => 8
    [title] => Prueba
    [slug] => prueba
    [content] => Contenido de Prueba
    [is_active] => 1
    [created_at] => 2024-12-04 18:44:27
    [updated_at] => 2024-12-04 18:44:27
)

[04-Dec-2024 17:45:51 UTC] Slug received: prueba
[04-Dec-2024 17:45:51 UTC] Page found: Array
(
    [id] => 8
    [title] => Prueba
    [slug] => prueba
    [content] => Contenido de Prueba
    [is_active] => 1
    [created_at] => 2024-12-04 18:44:27
    [updated_at] => 2024-12-04 18:44:27
)

[04-Dec-2024 17:45:51 UTC] Slug received: prueba
[04-Dec-2024 17:45:51 UTC] Page found: Array
(
    [id] => 8
    [title] => Prueba
    [slug] => prueba
    [content] => Contenido de Prueba
    [is_active] => 1
    [created_at] => 2024-12-04 18:44:27
    [updated_at] => 2024-12-04 18:44:27
)

[04-Dec-2024 17:45:51 UTC] Slug received: prueba
[04-Dec-2024 17:45:51 UTC] Page found: Array
(
    [id] => 8
    [title] => Prueba
    [slug] => prueba
    [content] => Contenido de Prueba
    [is_active] => 1
    [created_at] => 2024-12-04 18:44:27
    [updated_at] => 2024-12-04 18:44:27
)

[04-Dec-2024 17:45:51 UTC] Slug received: prueba
[04-Dec-2024 17:45:51 UTC] Page found: Array
(
    [id] => 8
    [title] => Prueba
    [slug] => prueba
    [content] => Contenido de Prueba
    [is_active] => 1
    [created_at] => 2024-12-04 18:44:27
    [updated_at] => 2024-12-04 18:44:27
)

[04-Dec-2024 17:46:42 UTC] Slug received: prueba
[04-Dec-2024 17:46:42 UTC] Page found: Array
(
    [id] => 8
    [title] => Prueba
    [slug] => prueba
    [content] => Contenido de Prueba
    [is_active] => 1
    [created_at] => 2024-12-04 18:44:27
    [updated_at] => 2024-12-04 18:44:27
)

[04-Dec-2024 17:46:42 UTC] Slug received: prueba
[04-Dec-2024 17:46:42 UTC] Page found: Array
(
    [id] => 8
    [title] => Prueba
    [slug] => prueba
    [content] => Contenido de Prueba
    [is_active] => 1
    [created_at] => 2024-12-04 18:44:27
    [updated_at] => 2024-12-04 18:44:27
)

[04-Dec-2024 17:46:43 UTC] Slug received: prueba
[04-Dec-2024 17:46:43 UTC] Page found: Array
(
    [id] => 8
    [title] => Prueba
    [slug] => prueba
    [content] => Contenido de Prueba
    [is_active] => 1
    [created_at] => 2024-12-04 18:44:27
    [updated_at] => 2024-12-04 18:44:27
)

[04-Dec-2024 17:47:21 UTC] Slug received: prueba
[04-Dec-2024 17:47:21 UTC] Page found: Array
(
    [id] => 8
    [title] => Prueba
    [slug] => prueba
    [content] => Contenido de Prueba
    [is_active] => 1
    [created_at] => 2024-12-04 18:44:27
    [updated_at] => 2024-12-04 18:44:27
)

[04-Dec-2024 17:47:22 UTC] Slug received: prueba
[04-Dec-2024 17:47:22 UTC] Page found: Array
(
    [id] => 8
    [title] => Prueba
    [slug] => prueba
    [content] => Contenido de Prueba
    [is_active] => 1
    [created_at] => 2024-12-04 18:44:27
    [updated_at] => 2024-12-04 18:44:27
)

[04-Dec-2024 17:47:22 UTC] Slug received: prueba
[04-Dec-2024 17:47:22 UTC] Page found: Array
(
    [id] => 8
    [title] => Prueba
    [slug] => prueba
    [content] => Contenido de Prueba
    [is_active] => 1
    [created_at] => 2024-12-04 18:44:27
    [updated_at] => 2024-12-04 18:44:27
)

[04-Dec-2024 17:47:22 UTC] Slug received: prueba
[04-Dec-2024 17:47:22 UTC] Page found: Array
(
    [id] => 8
    [title] => Prueba
    [slug] => prueba
    [content] => Contenido de Prueba
    [is_active] => 1
    [created_at] => 2024-12-04 18:44:27
    [updated_at] => 2024-12-04 18:44:27
)

[04-Dec-2024 17:48:13 UTC] Slug received: prueba
[04-Dec-2024 17:48:13 UTC] Page found: Array
(
    [id] => 8
    [title] => Prueba
    [slug] => prueba
    [content] => Contenido de Prueba
    [is_active] => 1
    [created_at] => 2024-12-04 18:44:27
    [updated_at] => 2024-12-04 18:44:27
)

[04-Dec-2024 17:48:14 UTC] Slug received: prueba
[04-Dec-2024 17:48:14 UTC] Page found: Array
(
    [id] => 8
    [title] => Prueba
    [slug] => prueba
    [content] => Contenido de Prueba
    [is_active] => 1
    [created_at] => 2024-12-04 18:44:27
    [updated_at] => 2024-12-04 18:44:27
)

[04-Dec-2024 17:48:14 UTC] Slug received: prueba
[04-Dec-2024 17:48:14 UTC] Page found: Array
(
    [id] => 8
    [title] => Prueba
    [slug] => prueba
    [content] => Contenido de Prueba
    [is_active] => 1
    [created_at] => 2024-12-04 18:44:27
    [updated_at] => 2024-12-04 18:44:27
)

[04-Dec-2024 17:48:14 UTC] Slug received: prueba
[04-Dec-2024 17:48:14 UTC] Page found: Array
(
    [id] => 8
    [title] => Prueba
    [slug] => prueba
    [content] => Contenido de Prueba
    [is_active] => 1
    [created_at] => 2024-12-04 18:44:27
    [updated_at] => 2024-12-04 18:44:27
)

[04-Dec-2024 17:48:14 UTC] Slug received: prueba
[04-Dec-2024 17:48:14 UTC] Page found: Array
(
    [id] => 8
    [title] => Prueba
    [slug] => prueba
    [content] => Contenido de Prueba
    [is_active] => 1
    [created_at] => 2024-12-04 18:44:27
    [updated_at] => 2024-12-04 18:44:27
)

[04-Dec-2024 17:48:44 UTC] Slug received: prueba
[04-Dec-2024 17:48:44 UTC] Page found: Array
(
    [id] => 8
    [title] => Prueba
    [slug] => prueba
    [content] => Contenido de Prueba
    [is_active] => 1
    [created_at] => 2024-12-04 18:44:27
    [updated_at] => 2024-12-04 18:44:27
)

[04-Dec-2024 17:48:44 UTC] Slug received: prueba
[04-Dec-2024 17:48:44 UTC] Page found: Array
(
    [id] => 8
    [title] => Prueba
    [slug] => prueba
    [content] => Contenido de Prueba
    [is_active] => 1
    [created_at] => 2024-12-04 18:44:27
    [updated_at] => 2024-12-04 18:44:27
)

[04-Dec-2024 17:48:44 UTC] Slug received: prueba
[04-Dec-2024 17:48:44 UTC] Page found: Array
(
    [id] => 8
    [title] => Prueba
    [slug] => prueba
    [content] => Contenido de Prueba
    [is_active] => 1
    [created_at] => 2024-12-04 18:44:27
    [updated_at] => 2024-12-04 18:44:27
)

[04-Dec-2024 17:48:44 UTC] Slug received: prueba
[04-Dec-2024 17:48:44 UTC] Page found: Array
(
    [id] => 8
    [title] => Prueba
    [slug] => prueba
    [content] => Contenido de Prueba
    [is_active] => 1
    [created_at] => 2024-12-04 18:44:27
    [updated_at] => 2024-12-04 18:44:27
)

[04-Dec-2024 17:48:44 UTC] Slug received: prueba
[04-Dec-2024 17:48:44 UTC] Page found: Array
(
    [id] => 8
    [title] => Prueba
    [slug] => prueba
    [content] => Contenido de Prueba
    [is_active] => 1
    [created_at] => 2024-12-04 18:44:27
    [updated_at] => 2024-12-04 18:44:27
)

[04-Dec-2024 17:49:24 UTC] Slug received: test
[04-Dec-2024 17:49:24 UTC] Page found: Array
(
    [id] => 9
    [title] => Test
    [slug] => test
    [content] => Contenido de Test
    [is_active] => 1
    [created_at] => 2024-12-04 18:49:02
    [updated_at] => 2024-12-04 18:49:02
)

[04-Dec-2024 17:49:24 UTC] Slug received: test
[04-Dec-2024 17:49:24 UTC] Page found: Array
(
    [id] => 9
    [title] => Test
    [slug] => test
    [content] => Contenido de Test
    [is_active] => 1
    [created_at] => 2024-12-04 18:49:02
    [updated_at] => 2024-12-04 18:49:02
)

[04-Dec-2024 17:49:25 UTC] Slug received: test
[04-Dec-2024 17:49:25 UTC] Page found: Array
(
    [id] => 9
    [title] => Test
    [slug] => test
    [content] => Contenido de Test
    [is_active] => 1
    [created_at] => 2024-12-04 18:49:02
    [updated_at] => 2024-12-04 18:49:02
)

[04-Dec-2024 17:49:25 UTC] Slug received: test
[04-Dec-2024 17:49:25 UTC] Page found: Array
(
    [id] => 9
    [title] => Test
    [slug] => test
    [content] => Contenido de Test
    [is_active] => 1
    [created_at] => 2024-12-04 18:49:02
    [updated_at] => 2024-12-04 18:49:02
)

[04-Dec-2024 17:51:08 UTC] Slug received: test
[04-Dec-2024 17:51:08 UTC] Page found: Array
(
    [id] => 9
    [title] => Test
    [slug] => test
    [content] => Contenido de Test
    [is_active] => 1
    [created_at] => 2024-12-04 18:49:02
    [updated_at] => 2024-12-04 18:49:02
)

[04-Dec-2024 17:52:14 UTC] Slug received: test
[04-Dec-2024 17:52:14 UTC] Page found: Array
(
    [id] => 10
    [menu_id] => 16
    [title] => Test
    [slug] => test
    [content] => <p>Inside de Test</p>
    [excerpt] =>                                     
    [status] => published
    [featured_image] => 675096cb3c9a3-bob-esponja-es-gay-nickelodeon-finalmente-lo-saca-del-closet-portada.webp
    [created_at] => 2024-12-04 18:52:11
    [updated_at] => 2024-12-04 18:52:11
    [menu_name] => Test
    [menu_url] => ?controller=page&action=show&slug=test
)

[04-Dec-2024 17:52:15 UTC] Slug received: test
[04-Dec-2024 17:52:15 UTC] Page found: Array
(
    [id] => 10
    [menu_id] => 16
    [title] => Test
    [slug] => test
    [content] => <p>Inside de Test</p>
    [excerpt] =>                                     
    [status] => published
    [featured_image] => 675096cb3c9a3-bob-esponja-es-gay-nickelodeon-finalmente-lo-saca-del-closet-portada.webp
    [created_at] => 2024-12-04 18:52:11
    [updated_at] => 2024-12-04 18:52:11
    [menu_name] => Test
    [menu_url] => ?controller=page&action=show&slug=test
)

[04-Dec-2024 17:53:34 UTC] Slug received: test
[04-Dec-2024 17:53:34 UTC] Page found: Array
(
    [id] => 10
    [menu_id] => 16
    [title] => Test
    [slug] => test
    [content] => <p>Inside de Test</p>
    [excerpt] =>                                     
    [status] => published
    [featured_image] => 675096cb3c9a3-bob-esponja-es-gay-nickelodeon-finalmente-lo-saca-del-closet-portada.webp
    [created_at] => 2024-12-04 18:52:11
    [updated_at] => 2024-12-04 18:52:11
    [menu_name] => Test
    [menu_url] => ?controller=page&action=show&slug=test
)

[04-Dec-2024 17:53:34 UTC] Slug received: test
[04-Dec-2024 17:53:34 UTC] Page found: Array
(
    [id] => 10
    [menu_id] => 16
    [title] => Test
    [slug] => test
    [content] => <p>Inside de Test</p>
    [excerpt] =>                                     
    [status] => published
    [featured_image] => 675096cb3c9a3-bob-esponja-es-gay-nickelodeon-finalmente-lo-saca-del-closet-portada.webp
    [created_at] => 2024-12-04 18:52:11
    [updated_at] => 2024-12-04 18:52:11
    [menu_name] => Test
    [menu_url] => ?controller=page&action=show&slug=test
)

[04-Dec-2024 17:53:34 UTC] Slug received: test
[04-Dec-2024 17:53:34 UTC] Page found: Array
(
    [id] => 10
    [menu_id] => 16
    [title] => Test
    [slug] => test
    [content] => <p>Inside de Test</p>
    [excerpt] =>                                     
    [status] => published
    [featured_image] => 675096cb3c9a3-bob-esponja-es-gay-nickelodeon-finalmente-lo-saca-del-closet-portada.webp
    [created_at] => 2024-12-04 18:52:11
    [updated_at] => 2024-12-04 18:52:11
    [menu_name] => Test
    [menu_url] => ?controller=page&action=show&slug=test
)

[04-Dec-2024 17:53:34 UTC] Slug received: test
[04-Dec-2024 17:53:34 UTC] Page found: Array
(
    [id] => 10
    [menu_id] => 16
    [title] => Test
    [slug] => test
    [content] => <p>Inside de Test</p>
    [excerpt] =>                                     
    [status] => published
    [featured_image] => 675096cb3c9a3-bob-esponja-es-gay-nickelodeon-finalmente-lo-saca-del-closet-portada.webp
    [created_at] => 2024-12-04 18:52:11
    [updated_at] => 2024-12-04 18:52:11
    [menu_name] => Test
    [menu_url] => ?controller=page&action=show&slug=test
)

[04-Dec-2024 17:54:41 UTC] Slug received: aosika
[04-Dec-2024 17:54:41 UTC] Page found: Array
(
    [id] => 11
    [title] => Aosika
    [slug] => aosika
    [content] => Contenido de Aosika
    [is_active] => 1
    [created_at] => 2024-12-04 18:54:20
    [updated_at] => 2024-12-04 18:54:20
)

[04-Dec-2024 17:54:41 UTC] Slug received: aosika
[04-Dec-2024 17:54:41 UTC] Page found: Array
(
    [id] => 11
    [title] => Aosika
    [slug] => aosika
    [content] => Contenido de Aosika
    [is_active] => 1
    [created_at] => 2024-12-04 18:54:20
    [updated_at] => 2024-12-04 18:54:20
)

[04-Dec-2024 17:54:42 UTC] Slug received: aosika
[04-Dec-2024 17:54:42 UTC] Page found: Array
(
    [id] => 11
    [title] => Aosika
    [slug] => aosika
    [content] => Contenido de Aosika
    [is_active] => 1
    [created_at] => 2024-12-04 18:54:20
    [updated_at] => 2024-12-04 18:54:20
)

[04-Dec-2024 17:54:42 UTC] Slug received: aosika
[04-Dec-2024 17:54:42 UTC] Page found: Array
(
    [id] => 11
    [title] => Aosika
    [slug] => aosika
    [content] => Contenido de Aosika
    [is_active] => 1
    [created_at] => 2024-12-04 18:54:20
    [updated_at] => 2024-12-04 18:54:20
)

[04-Dec-2024 17:54:42 UTC] Slug received: aosika
[04-Dec-2024 17:54:42 UTC] Page found: Array
(
    [id] => 11
    [title] => Aosika
    [slug] => aosika
    [content] => Contenido de Aosika
    [is_active] => 1
    [created_at] => 2024-12-04 18:54:20
    [updated_at] => 2024-12-04 18:54:20
)

[04-Dec-2024 17:54:42 UTC] Slug received: aosika
[04-Dec-2024 17:54:42 UTC] Page found: Array
(
    [id] => 11
    [title] => Aosika
    [slug] => aosika
    [content] => Contenido de Aosika
    [is_active] => 1
    [created_at] => 2024-12-04 18:54:20
    [updated_at] => 2024-12-04 18:54:20
)

[04-Dec-2024 17:55:12 UTC] Slug received: aosika
[04-Dec-2024 17:55:12 UTC] Page found: Array
(
    [id] => 11
    [title] => Aosika
    [slug] => aosika
    [content] => Contenido de Aosika
    [is_active] => 1
    [created_at] => 2024-12-04 18:54:20
    [updated_at] => 2024-12-04 18:54:20
)

[04-Dec-2024 17:55:13 UTC] Slug received: aosika
[04-Dec-2024 17:55:13 UTC] Page found: Array
(
    [id] => 11
    [title] => Aosika
    [slug] => aosika
    [content] => Contenido de Aosika
    [is_active] => 1
    [created_at] => 2024-12-04 18:54:20
    [updated_at] => 2024-12-04 18:54:20
)

[04-Dec-2024 17:55:46 UTC] Slug received: aosika
[04-Dec-2024 17:55:46 UTC] Page found: Array
(
    [id] => 11
    [title] => Aosika
    [slug] => aosika
    [content] => Contenido de Aosika
    [is_active] => 1
    [created_at] => 2024-12-04 18:54:20
    [updated_at] => 2024-12-04 18:54:20
)

[04-Dec-2024 17:55:47 UTC] Slug received: aosika
[04-Dec-2024 17:55:47 UTC] Page found: Array
(
    [id] => 11
    [title] => Aosika
    [slug] => aosika
    [content] => Contenido de Aosika
    [is_active] => 1
    [created_at] => 2024-12-04 18:54:20
    [updated_at] => 2024-12-04 18:54:20
)

[04-Dec-2024 17:56:09 UTC] Slug received: aosika
[04-Dec-2024 17:56:09 UTC] Page found: Array
(
    [id] => 11
    [title] => Aosika
    [slug] => aosika
    [content] => Contenido de Aosika
    [is_active] => 1
    [created_at] => 2024-12-04 18:54:20
    [updated_at] => 2024-12-04 18:54:20
)

[04-Dec-2024 17:56:10 UTC] Slug received: aosika
[04-Dec-2024 17:56:10 UTC] Page found: Array
(
    [id] => 11
    [title] => Aosika
    [slug] => aosika
    [content] => Contenido de Aosika
    [is_active] => 1
    [created_at] => 2024-12-04 18:54:20
    [updated_at] => 2024-12-04 18:54:20
)

[04-Dec-2024 17:57:27 UTC] Slug received: aosika
[04-Dec-2024 17:57:27 UTC] Page found: Array
(
    [id] => 11
    [title] => Aosika
    [slug] => aosika
    [content] => Contenido de Aosika
    [is_active] => 1
    [created_at] => 2024-12-04 18:54:20
    [updated_at] => 2024-12-04 18:54:20
)

[04-Dec-2024 17:57:27 UTC] Slug received: aosika
[04-Dec-2024 17:57:27 UTC] Page found: Array
(
    [id] => 11
    [title] => Aosika
    [slug] => aosika
    [content] => Contenido de Aosika
    [is_active] => 1
    [created_at] => 2024-12-04 18:54:20
    [updated_at] => 2024-12-04 18:54:20
)

[04-Dec-2024 17:57:27 UTC] Slug received: aosika
[04-Dec-2024 17:57:27 UTC] Page found: Array
(
    [id] => 11
    [title] => Aosika
    [slug] => aosika
    [content] => Contenido de Aosika
    [is_active] => 1
    [created_at] => 2024-12-04 18:54:20
    [updated_at] => 2024-12-04 18:54:20
)

[04-Dec-2024 17:57:28 UTC] Slug received: aosika
[04-Dec-2024 17:57:28 UTC] Page found: Array
(
    [id] => 11
    [title] => Aosika
    [slug] => aosika
    [content] => Contenido de Aosika
    [is_active] => 1
    [created_at] => 2024-12-04 18:54:20
    [updated_at] => 2024-12-04 18:54:20
)

[04-Dec-2024 17:57:28 UTC] Slug received: aosika
[04-Dec-2024 17:57:28 UTC] Page found: Array
(
    [id] => 11
    [title] => Aosika
    [slug] => aosika
    [content] => Contenido de Aosika
    [is_active] => 1
    [created_at] => 2024-12-04 18:54:20
    [updated_at] => 2024-12-04 18:54:20
)

[04-Dec-2024 17:57:30 UTC] Slug received: aosika
[04-Dec-2024 17:57:30 UTC] Page found: Array
(
    [id] => 11
    [title] => Aosika
    [slug] => aosika
    [content] => Contenido de Aosika
    [is_active] => 1
    [created_at] => 2024-12-04 18:54:20
    [updated_at] => 2024-12-04 18:54:20
)

[04-Dec-2024 17:57:30 UTC] Slug received: aosika
[04-Dec-2024 17:57:30 UTC] Page found: Array
(
    [id] => 11
    [title] => Aosika
    [slug] => aosika
    [content] => Contenido de Aosika
    [is_active] => 1
    [created_at] => 2024-12-04 18:54:20
    [updated_at] => 2024-12-04 18:54:20
)

[04-Dec-2024 17:59:52 UTC] Slug received: aosika
[04-Dec-2024 17:59:52 UTC] Page found: Array
(
    [id] => 11
    [title] => Aosika
    [slug] => aosika
    [content] => Contenido de Aosika
    [is_active] => 1
    [created_at] => 2024-12-04 18:54:20
    [updated_at] => 2024-12-04 18:54:20
)

[04-Dec-2024 17:59:53 UTC] Slug received: aosika
[04-Dec-2024 17:59:53 UTC] Page found: Array
(
    [id] => 11
    [title] => Aosika
    [slug] => aosika
    [content] => Contenido de Aosika
    [is_active] => 1
    [created_at] => 2024-12-04 18:54:20
    [updated_at] => 2024-12-04 18:54:20
)

[04-Dec-2024 17:59:54 UTC] Slug received: aosika
[04-Dec-2024 17:59:54 UTC] Page found: Array
(
    [id] => 11
    [title] => Aosika
    [slug] => aosika
    [content] => Contenido de Aosika
    [is_active] => 1
    [created_at] => 2024-12-04 18:54:20
    [updated_at] => 2024-12-04 18:54:20
)

[04-Dec-2024 18:02:30 UTC] PHP Warning:  Undefined variable $csrf_token in C:\laragon\www\views\auth\login.php on line 17
[04-Dec-2024 18:02:33 UTC] PHP Warning:  Undefined variable $csrf_token in C:\laragon\www\views\auth\login.php on line 17
[04-Dec-2024 18:02:36 UTC] PHP Warning:  Undefined variable $csrf_token in C:\laragon\www\views\auth\login.php on line 17
[04-Dec-2024 18:06:53 UTC] Slug received: aosika
[04-Dec-2024 18:06:53 UTC] Page found: Array
(
    [id] => 11
    [title] => Aosika
    [slug] => aosika
    [content] => Contenido de Aosika
    [is_active] => 1
    [created_at] => 2024-12-04 18:54:20
    [updated_at] => 2024-12-04 18:54:20
)

[04-Dec-2024 18:07:23 UTC] PHP Fatal error:  Uncaught Error: Call to undefined function isLoggedIn() in C:\laragon\www\views\layout\header.php:45
Stack trace:
#0 C:\laragon\www\controllers\HomeController.php(5): require()
#1 C:\laragon\www\index.php(54): HomeController->index()
#2 {main}
  thrown in C:\laragon\www\views\layout\header.php on line 45
[04-Dec-2024 18:07:23 UTC] PHP Fatal error:  Uncaught Error: Call to undefined function isLoggedIn() in C:\laragon\www\views\layout\header.php:45
Stack trace:
#0 C:\laragon\www\controllers\HomeController.php(5): require()
#1 C:\laragon\www\index.php(54): HomeController->index()
#2 {main}
  thrown in C:\laragon\www\views\layout\header.php on line 45
[04-Dec-2024 18:07:23 UTC] PHP Fatal error:  Uncaught Error: Call to undefined function isLoggedIn() in C:\laragon\www\views\layout\header.php:45
Stack trace:
#0 C:\laragon\www\controllers\HomeController.php(5): require()
#1 C:\laragon\www\index.php(54): HomeController->index()
#2 {main}
  thrown in C:\laragon\www\views\layout\header.php on line 45
[04-Dec-2024 18:07:24 UTC] PHP Fatal error:  Uncaught Error: Call to undefined function isLoggedIn() in C:\laragon\www\views\layout\header.php:45
Stack trace:
#0 C:\laragon\www\controllers\HomeController.php(5): require()
#1 C:\laragon\www\index.php(54): HomeController->index()
#2 {main}
  thrown in C:\laragon\www\views\layout\header.php on line 45
[04-Dec-2024 18:07:24 UTC] PHP Fatal error:  Uncaught Error: Call to undefined function isLoggedIn() in C:\laragon\www\views\layout\header.php:45
Stack trace:
#0 C:\laragon\www\controllers\HomeController.php(5): require()
#1 C:\laragon\www\index.php(54): HomeController->index()
#2 {main}
  thrown in C:\laragon\www\views\layout\header.php on line 45
[04-Dec-2024 18:07:24 UTC] PHP Fatal error:  Uncaught Error: Call to undefined function isLoggedIn() in C:\laragon\www\views\layout\header.php:45
Stack trace:
#0 C:\laragon\www\controllers\HomeController.php(5): require()
#1 C:\laragon\www\index.php(54): HomeController->index()
#2 {main}
  thrown in C:\laragon\www\views\layout\header.php on line 45
[04-Dec-2024 18:07:24 UTC] PHP Fatal error:  Uncaught Error: Call to undefined function isLoggedIn() in C:\laragon\www\views\layout\header.php:45
Stack trace:
#0 C:\laragon\www\controllers\HomeController.php(5): require()
#1 C:\laragon\www\index.php(54): HomeController->index()
#2 {main}
  thrown in C:\laragon\www\views\layout\header.php on line 45
[04-Dec-2024 18:07:24 UTC] PHP Fatal error:  Uncaught Error: Call to undefined function isLoggedIn() in C:\laragon\www\views\layout\header.php:45
Stack trace:
#0 C:\laragon\www\controllers\HomeController.php(5): require()
#1 C:\laragon\www\index.php(54): HomeController->index()
#2 {main}
  thrown in C:\laragon\www\views\layout\header.php on line 45
[04-Dec-2024 18:07:24 UTC] PHP Fatal error:  Uncaught Error: Call to undefined function isLoggedIn() in C:\laragon\www\views\layout\header.php:45
Stack trace:
#0 C:\laragon\www\controllers\HomeController.php(5): require()
#1 C:\laragon\www\index.php(54): HomeController->index()
#2 {main}
  thrown in C:\laragon\www\views\layout\header.php on line 45
